stdio    D         file_stdio.c:107  file_stdio_fopen                 [   0.00000] opening C:\wamp64\www\Projet Piscine\Environnement-3D-en-cpp-avec-Allegro\build\Debug\allegro5.cfg r
system   D            wsystem.c:836  maybe_parent_dir                 [   0.00000] Also searching C:\wamp64\www\Projet Piscine\Environnement-3D-en-cpp-avec-Allegro\build\
system   D            wsystem.c:891  _al_win_safe_load_library        [   0.00000] PathFindOnPath found: C:\windows\system32\shcore.dll
system   D            wsystem.c:797  load_library_at_path             [   0.00000] Calling LoadLibrary C:\windows\system32\shcore.dll
system   I            wsystem.c:800  load_library_at_path             [   0.00000] Loaded C:\windows\system32\shcore.dll
system   I             system.c:272  al_install_system                [   0.00000] Allegro version: 5.2.10
system   D            wsystem.c:836  maybe_parent_dir                 [   0.00082] Also searching C:\wamp64\www\Projet Piscine\Environnement-3D-en-cpp-avec-Allegro\build\
system   D            wsystem.c:891  _al_win_safe_load_library        [   0.00096] PathFindOnPath found: C:\windows\system32\d3d9.dll
system   D            wsystem.c:797  load_library_at_path             [   0.00099] Calling LoadLibrary C:\windows\system32\d3d9.dll
system   I            wsystem.c:800  load_library_at_path             [   0.00192] Loaded C:\windows\system32\d3d9.dll
d3d      I         d3d_disp.cpp:679  d3d_init_display                 [   0.02204] Render-to-texture: 1
d3d      I         d3d_disp.cpp:1780 d3d_create_display_locked        [   0.02275] faux_fullscreen=0
d3d      D         d3d_disp.cpp:1781 d3d_create_display_locked        [   0.02279] al_display=0000016929520890
d3d      D         d3d_disp.cpp:1782 d3d_create_display_locked        [   0.02281] al_display->vt=0000016929488AA0
d3d      I d3d_display_formats.cpp:144  _al_d3d_generate_display_format_list [   0.02921] found 288 format combinations
display  D   display_settings.c:214  debug_display_settings           [   0.02927] color: 32 (rgba 8880), depth: 0, stencil: 0, acc: 0000, samples: 0/0
display  D   display_settings.c:529  _al_score_display_settings       [   0.02930] Score is : 897
display  D   display_settings.c:214  debug_display_settings           [   0.02931] color: 32 (rgba 8880), depth: 0, stencil: 0, acc: 0000, samples: 0/0
display  D   display_settings.c:529  _al_score_display_settings       [   0.02933] Score is : 897
display  D   display_settings.c:214  debug_display_settings           [   0.02935] color: 32 (rgba 8880), depth: 0, stencil: 0, acc: 0000, samples: 2/1
display  D   display_settings.c:529  _al_score_display_settings       [   0.02937] Score is : 726
display  D   display_settings.c:214  debug_display_settings           [   0.02938] color: 32 (rgba 8880), depth: 0, stencil: 0, acc: 0000, samples: 3/1
display  D   display_settings.c:529  _al_score_display_settings       [   0.02940] Score is : 721
display  D   display_settings.c:214  debug_display_settings           [   0.02942] color: 32 (rgba 8880), depth: 0, stencil: 0, acc: 0000, samples: 4/1
display  D   display_settings.c:529  _al_score_display_settings       [   0.02944] Score is : 717
display  D   display_settings.c:214  debug_display_settings           [   0.02945] color: 32 (rgba 8880), depth: 0, stencil: 0, acc: 0000, samples: 5/1
display  D   display_settings.c:529  _al_score_display_settings       [   0.02947] Score is : 715
display  D   display_settings.c:214  debug_display_settings           [   0.02949] color: 32 (rgba 8880), depth: 0, stencil: 0, acc: 0000, samples: 6/1
display  D   display_settings.c:529  _al_score_display_settings       [   0.02951] Score is : 714
display  D   display_settings.c:214  debug_display_settings           [   0.02952] color: 32 (rgba 8880), depth: 0, stencil: 0, acc: 0000, samples: 7/1
display  D   display_settings.c:529  _al_score_display_settings       [   0.02954] Score is : 713
display  D   display_settings.c:214  debug_display_settings           [   0.02956] color: 32 (rgba 8880), depth: 0, stencil: 0, acc: 0000, samples: 8/1
display  D   display_settings.c:529  _al_score_display_settings       [   0.02963] Score is : 712
display  D   display_settings.c:214  debug_display_settings           [   0.02965] color: 32 (rgba 8880), depth: 24, stencil: 8, acc: 0000, samples: 0/0
display  D   display_settings.c:529  _al_score_display_settings       [   0.02967] Score is : 897
display  D   display_settings.c:214  debug_display_settings           [   0.02968] color: 32 (rgba 8880), depth: 24, stencil: 8, acc: 0000, samples: 0/0
display  D   display_settings.c:529  _al_score_display_settings       [   0.02970] Score is : 897
display  D   display_settings.c:214  debug_display_settings           [   0.02972] color: 32 (rgba 8880), depth: 24, stencil: 8, acc: 0000, samples: 2/1
display  D   display_settings.c:529  _al_score_display_settings       [   0.02974] Score is : 726
display  D   display_settings.c:214  debug_display_settings           [   0.02975] color: 32 (rgba 8880), depth: 24, stencil: 8, acc: 0000, samples: 3/1
display  D   display_settings.c:529  _al_score_display_settings       [   0.02977] Score is : 721
display  D   display_settings.c:214  debug_display_settings           [   0.02979] color: 32 (rgba 8880), depth: 24, stencil: 8, acc: 0000, samples: 4/1
display  D   display_settings.c:529  _al_score_display_settings       [   0.02981] Score is : 717
display  D   display_settings.c:214  debug_display_settings           [   0.02982] color: 32 (rgba 8880), depth: 24, stencil: 8, acc: 0000, samples: 5/1
display  D   display_settings.c:529  _al_score_display_settings       [   0.02984] Score is : 715
display  D   display_settings.c:214  debug_display_settings           [   0.02986] color: 32 (rgba 8880), depth: 24, stencil: 8, acc: 0000, samples: 6/1
display  D   display_settings.c:529  _al_score_display_settings       [   0.02988] Score is : 714
display  D   display_settings.c:214  debug_display_settings           [   0.02989] color: 32 (rgba 8880), depth: 24, stencil: 8, acc: 0000, samples: 7/1
display  D   display_settings.c:529  _al_score_display_settings       [   0.02991] Score is : 713
display  D   display_settings.c:214  debug_display_settings           [   0.02993] color: 32 (rgba 8880), depth: 24, stencil: 8, acc: 0000, samples: 8/1
display  D   display_settings.c:529  _al_score_display_settings       [   0.02995] Score is : 712
display  D   display_settings.c:214  debug_display_settings           [   0.02996] color: 32 (rgba 8880), depth: 24, stencil: 0, acc: 0000, samples: 0/0
display  D   display_settings.c:529  _al_score_display_settings       [   0.02998] Score is : 897
display  D   display_settings.c:214  debug_display_settings           [   0.03000] color: 32 (rgba 8880), depth: 24, stencil: 0, acc: 0000, samples: 0/0
display  D   display_settings.c:529  _al_score_display_settings       [   0.03002] Score is : 897
display  D   display_settings.c:214  debug_display_settings           [   0.03003] color: 32 (rgba 8880), depth: 24, stencil: 0, acc: 0000, samples: 2/1
display  D   display_settings.c:529  _al_score_display_settings       [   0.03005] Score is : 726
display  D   display_settings.c:214  debug_display_settings           [   0.03007] color: 32 (rgba 8880), depth: 24, stencil: 0, acc: 0000, samples: 3/1
display  D   display_settings.c:529  _al_score_display_settings       [   0.03009] Score is : 721
display  D   display_settings.c:214  debug_display_settings           [   0.03011] color: 32 (rgba 8880), depth: 24, stencil: 0, acc: 0000, samples: 4/1
display  D   display_settings.c:529  _al_score_display_settings       [   0.03012] Score is : 717
display  D   display_settings.c:214  debug_display_settings           [   0.03014] color: 32 (rgba 8880), depth: 24, stencil: 0, acc: 0000, samples: 5/1
display  D   display_settings.c:529  _al_score_display_settings       [   0.03016] Score is : 715
display  D   display_settings.c:214  debug_display_settings           [   0.03018] color: 32 (rgba 8880), depth: 24, stencil: 0, acc: 0000, samples: 6/1
display  D   display_settings.c:529  _al_score_display_settings       [   0.03020] Score is : 714
display  D   display_settings.c:214  debug_display_settings           [   0.03021] color: 32 (rgba 8880), depth: 24, stencil: 0, acc: 0000, samples: 7/1
display  D   display_settings.c:529  _al_score_display_settings       [   0.03023] Score is : 713
display  D   display_settings.c:214  debug_display_settings           [   0.03025] color: 32 (rgba 8880), depth: 24, stencil: 0, acc: 0000, samples: 8/1
display  D   display_settings.c:529  _al_score_display_settings       [   0.03027] Score is : 712
display  D   display_settings.c:214  debug_display_settings           [   0.03029] color: 32 (rgba 8880), depth: 16, stencil: 0, acc: 0000, samples: 0/0
display  D   display_settings.c:529  _al_score_display_settings       [   0.03031] Score is : 897
display  D   display_settings.c:214  debug_display_settings           [   0.03032] color: 32 (rgba 8880), depth: 16, stencil: 0, acc: 0000, samples: 0/0
display  D   display_settings.c:529  _al_score_display_settings       [   0.03034] Score is : 897
display  D   display_settings.c:214  debug_display_settings           [   0.03036] color: 32 (rgba 8880), depth: 16, stencil: 0, acc: 0000, samples: 2/1
display  D   display_settings.c:529  _al_score_display_settings       [   0.03038] Score is : 726
display  D   display_settings.c:214  debug_display_settings           [   0.03039] color: 32 (rgba 8880), depth: 16, stencil: 0, acc: 0000, samples: 3/1
display  D   display_settings.c:529  _al_score_display_settings       [   0.03041] Score is : 721
display  D   display_settings.c:214  debug_display_settings           [   0.03043] color: 32 (rgba 8880), depth: 16, stencil: 0, acc: 0000, samples: 4/1
display  D   display_settings.c:529  _al_score_display_settings       [   0.03045] Score is : 717
display  D   display_settings.c:214  debug_display_settings           [   0.03046] color: 32 (rgba 8880), depth: 16, stencil: 0, acc: 0000, samples: 5/1
display  D   display_settings.c:529  _al_score_display_settings       [   0.03048] Score is : 715
display  D   display_settings.c:214  debug_display_settings           [   0.03050] color: 32 (rgba 8880), depth: 16, stencil: 0, acc: 0000, samples: 6/1
display  D   display_settings.c:529  _al_score_display_settings       [   0.03052] Score is : 714
display  D   display_settings.c:214  debug_display_settings           [   0.03053] color: 32 (rgba 8880), depth: 16, stencil: 0, acc: 0000, samples: 7/1
display  D   display_settings.c:529  _al_score_display_settings       [   0.03055] Score is : 713
display  D   display_settings.c:214  debug_display_settings           [   0.03057] color: 32 (rgba 8880), depth: 16, stencil: 0, acc: 0000, samples: 8/1
display  D   display_settings.c:529  _al_score_display_settings       [   0.03059] Score is : 712
display  D   display_settings.c:214  debug_display_settings           [   0.03060] color: 16 (rgba 5650), depth: 0, stencil: 0, acc: 0000, samples: 0/0
display  D   display_settings.c:529  _al_score_display_settings       [   0.03062] Score is : 897
display  D   display_settings.c:214  debug_display_settings           [   0.03064] color: 16 (rgba 5650), depth: 0, stencil: 0, acc: 0000, samples: 0/0
display  D   display_settings.c:529  _al_score_display_settings       [   0.03066] Score is : 897
display  D   display_settings.c:214  debug_display_settings           [   0.03067] color: 16 (rgba 5650), depth: 0, stencil: 0, acc: 0000, samples: 2/1
display  D   display_settings.c:529  _al_score_display_settings       [   0.03069] Score is : 726
display  D   display_settings.c:214  debug_display_settings           [   0.03071] color: 16 (rgba 5650), depth: 0, stencil: 0, acc: 0000, samples: 3/1
display  D   display_settings.c:529  _al_score_display_settings       [   0.03073] Score is : 721
display  D   display_settings.c:214  debug_display_settings           [   0.03074] color: 16 (rgba 5650), depth: 0, stencil: 0, acc: 0000, samples: 4/1
display  D   display_settings.c:529  _al_score_display_settings       [   0.03076] Score is : 717
display  D   display_settings.c:214  debug_display_settings           [   0.03078] color: 16 (rgba 5650), depth: 0, stencil: 0, acc: 0000, samples: 5/1
display  D   display_settings.c:529  _al_score_display_settings       [   0.03080] Score is : 715
display  D   display_settings.c:214  debug_display_settings           [   0.03082] color: 16 (rgba 5650), depth: 0, stencil: 0, acc: 0000, samples: 6/1
display  D   display_settings.c:529  _al_score_display_settings       [   0.03084] Score is : 714
display  D   display_settings.c:214  debug_display_settings           [   0.03085] color: 16 (rgba 5650), depth: 0, stencil: 0, acc: 0000, samples: 7/1
display  D   display_settings.c:529  _al_score_display_settings       [   0.03087] Score is : 713
display  D   display_settings.c:214  debug_display_settings           [   0.03089] color: 16 (rgba 5650), depth: 0, stencil: 0, acc: 0000, samples: 8/1
display  D   display_settings.c:529  _al_score_display_settings       [   0.03091] Score is : 712
display  D   display_settings.c:214  debug_display_settings           [   0.03092] color: 16 (rgba 5650), depth: 24, stencil: 8, acc: 0000, samples: 0/0
display  D   display_settings.c:529  _al_score_display_settings       [   0.03094] Score is : 897
display  D   display_settings.c:214  debug_display_settings           [   0.03096] color: 16 (rgba 5650), depth: 24, stencil: 8, acc: 0000, samples: 0/0
display  D   display_settings.c:529  _al_score_display_settings       [   0.03098] Score is : 897
display  D   display_settings.c:214  debug_display_settings           [   0.03099] color: 16 (rgba 5650), depth: 24, stencil: 8, acc: 0000, samples: 2/1
display  D   display_settings.c:529  _al_score_display_settings       [   0.03101] Score is : 726
display  D   display_settings.c:214  debug_display_settings           [   0.03103] color: 16 (rgba 5650), depth: 24, stencil: 8, acc: 0000, samples: 3/1
display  D   display_settings.c:529  _al_score_display_settings       [   0.03105] Score is : 721
display  D   display_settings.c:214  debug_display_settings           [   0.03106] color: 16 (rgba 5650), depth: 24, stencil: 8, acc: 0000, samples: 4/1
display  D   display_settings.c:529  _al_score_display_settings       [   0.03108] Score is : 717
display  D   display_settings.c:214  debug_display_settings           [   0.03110] color: 16 (rgba 5650), depth: 24, stencil: 8, acc: 0000, samples: 5/1
display  D   display_settings.c:529  _al_score_display_settings       [   0.03112] Score is : 715
display  D   display_settings.c:214  debug_display_settings           [   0.03113] color: 16 (rgba 5650), depth: 24, stencil: 8, acc: 0000, samples: 6/1
display  D   display_settings.c:529  _al_score_display_settings       [   0.03115] Score is : 714
display  D   display_settings.c:214  debug_display_settings           [   0.03117] color: 16 (rgba 5650), depth: 24, stencil: 8, acc: 0000, samples: 7/1
display  D   display_settings.c:529  _al_score_display_settings       [   0.03119] Score is : 713
display  D   display_settings.c:214  debug_display_settings           [   0.03120] color: 16 (rgba 5650), depth: 24, stencil: 8, acc: 0000, samples: 8/1
display  D   display_settings.c:529  _al_score_display_settings       [   0.03122] Score is : 712
display  D   display_settings.c:214  debug_display_settings           [   0.03124] color: 16 (rgba 5650), depth: 24, stencil: 0, acc: 0000, samples: 0/0
display  D   display_settings.c:529  _al_score_display_settings       [   0.03126] Score is : 897
display  D   display_settings.c:214  debug_display_settings           [   0.03127] color: 16 (rgba 5650), depth: 24, stencil: 0, acc: 0000, samples: 0/0
display  D   display_settings.c:529  _al_score_display_settings       [   0.03129] Score is : 897
display  D   display_settings.c:214  debug_display_settings           [   0.03131] color: 16 (rgba 5650), depth: 24, stencil: 0, acc: 0000, samples: 2/1
display  D   display_settings.c:529  _al_score_display_settings       [   0.03133] Score is : 726
display  D   display_settings.c:214  debug_display_settings           [   0.03134] color: 16 (rgba 5650), depth: 24, stencil: 0, acc: 0000, samples: 3/1
display  D   display_settings.c:529  _al_score_display_settings       [   0.03139] Score is : 721
display  D   display_settings.c:214  debug_display_settings           [   0.03142] color: 16 (rgba 5650), depth: 24, stencil: 0, acc: 0000, samples: 4/1
display  D   display_settings.c:529  _al_score_display_settings       [   0.03144] Score is : 717
display  D   display_settings.c:214  debug_display_settings           [   0.03147] color: 16 (rgba 5650), depth: 24, stencil: 0, acc: 0000, samples: 5/1
display  D   display_settings.c:529  _al_score_display_settings       [   0.03150] Score is : 715
display  D   display_settings.c:214  debug_display_settings           [   0.03153] color: 16 (rgba 5650), depth: 24, stencil: 0, acc: 0000, samples: 6/1
display  D   display_settings.c:529  _al_score_display_settings       [   0.03155] Score is : 714
display  D   display_settings.c:214  debug_display_settings           [   0.03158] color: 16 (rgba 5650), depth: 24, stencil: 0, acc: 0000, samples: 7/1
display  D   display_settings.c:529  _al_score_display_settings       [   0.03160] Score is : 713
display  D   display_settings.c:214  debug_display_settings           [   0.03163] color: 16 (rgba 5650), depth: 24, stencil: 0, acc: 0000, samples: 8/1
display  D   display_settings.c:529  _al_score_display_settings       [   0.03166] Score is : 712
display  D   display_settings.c:214  debug_display_settings           [   0.03169] color: 16 (rgba 5650), depth: 16, stencil: 0, acc: 0000, samples: 0/0
display  D   display_settings.c:529  _al_score_display_settings       [   0.03172] Score is : 897
display  D   display_settings.c:214  debug_display_settings           [   0.03175] color: 16 (rgba 5650), depth: 16, stencil: 0, acc: 0000, samples: 0/0
display  D   display_settings.c:529  _al_score_display_settings       [   0.03178] Score is : 897
display  D   display_settings.c:214  debug_display_settings           [   0.03180] color: 16 (rgba 5650), depth: 16, stencil: 0, acc: 0000, samples: 2/1
display  D   display_settings.c:529  _al_score_display_settings       [   0.03183] Score is : 726
display  D   display_settings.c:214  debug_display_settings           [   0.03185] color: 16 (rgba 5650), depth: 16, stencil: 0, acc: 0000, samples: 3/1
display  D   display_settings.c:529  _al_score_display_settings       [   0.03188] Score is : 721
display  D   display_settings.c:214  debug_display_settings           [   0.03190] color: 16 (rgba 5650), depth: 16, stencil: 0, acc: 0000, samples: 4/1
display  D   display_settings.c:529  _al_score_display_settings       [   0.03193] Score is : 717
display  D   display_settings.c:214  debug_display_settings           [   0.03196] color: 16 (rgba 5650), depth: 16, stencil: 0, acc: 0000, samples: 5/1
display  D   display_settings.c:529  _al_score_display_settings       [   0.03199] Score is : 715
display  D   display_settings.c:214  debug_display_settings           [   0.03202] color: 16 (rgba 5650), depth: 16, stencil: 0, acc: 0000, samples: 6/1
display  D   display_settings.c:529  _al_score_display_settings       [   0.03204] Score is : 714
display  D   display_settings.c:214  debug_display_settings           [   0.03207] color: 16 (rgba 5650), depth: 16, stencil: 0, acc: 0000, samples: 7/1
display  D   display_settings.c:529  _al_score_display_settings       [   0.03209] Score is : 713
display  D   display_settings.c:214  debug_display_settings           [   0.03212] color: 16 (rgba 5650), depth: 16, stencil: 0, acc: 0000, samples: 8/1
display  D   display_settings.c:529  _al_score_display_settings       [   0.03215] Score is : 712
display  D   display_settings.c:214  debug_display_settings           [   0.03217] color: 32 (rgba 8880), depth: 0, stencil: 0, acc: 0000, samples: 0/0
display  D   display_settings.c:400  _al_score_display_settings       [   0.03220] Single Buffer requirement not met.
display  D   display_settings.c:214  debug_display_settings           [   0.03223] color: 32 (rgba 8880), depth: 0, stencil: 0, acc: 0000, samples: 0/0
display  D   display_settings.c:400  _al_score_display_settings       [   0.03226] Single Buffer requirement not met.
display  D   display_settings.c:214  debug_display_settings           [   0.03228] color: 32 (rgba 8880), depth: 0, stencil: 0, acc: 0000, samples: 2/1
display  D   display_settings.c:400  _al_score_display_settings       [   0.03231] Single Buffer requirement not met.
display  D   display_settings.c:214  debug_display_settings           [   0.03233] color: 32 (rgba 8880), depth: 0, stencil: 0, acc: 0000, samples: 3/1
display  D   display_settings.c:400  _al_score_display_settings       [   0.03236] Single Buffer requirement not met.
display  D   display_settings.c:214  debug_display_settings           [   0.03239] color: 32 (rgba 8880), depth: 0, stencil: 0, acc: 0000, samples: 4/1
display  D   display_settings.c:400  _al_score_display_settings       [   0.03242] Single Buffer requirement not met.
display  D   display_settings.c:214  debug_display_settings           [   0.03244] color: 32 (rgba 8880), depth: 0, stencil: 0, acc: 0000, samples: 5/1
display  D   display_settings.c:400  _al_score_display_settings       [   0.03247] Single Buffer requirement not met.
display  D   display_settings.c:214  debug_display_settings           [   0.03249] color: 32 (rgba 8880), depth: 0, stencil: 0, acc: 0000, samples: 6/1
display  D   display_settings.c:400  _al_score_display_settings       [   0.03252] Single Buffer requirement not met.
display  D   display_settings.c:214  debug_display_settings           [   0.03254] color: 32 (rgba 8880), depth: 0, stencil: 0, acc: 0000, samples: 7/1
display  D   display_settings.c:400  _al_score_display_settings       [   0.03257] Single Buffer requirement not met.
display  D   display_settings.c:214  debug_display_settings           [   0.03259] color: 32 (rgba 8880), depth: 0, stencil: 0, acc: 0000, samples: 8/1
display  D   display_settings.c:400  _al_score_display_settings       [   0.03262] Single Buffer requirement not met.
display  D   display_settings.c:214  debug_display_settings           [   0.03264] color: 32 (rgba 8880), depth: 24, stencil: 8, acc: 0000, samples: 0/0
display  D   display_settings.c:400  _al_score_display_settings       [   0.03266] Single Buffer requirement not met.
display  D   display_settings.c:214  debug_display_settings           [   0.03269] color: 32 (rgba 8880), depth: 24, stencil: 8, acc: 0000, samples: 0/0
display  D   display_settings.c:400  _al_score_display_settings       [   0.03271] Single Buffer requirement not met.
display  D   display_settings.c:214  debug_display_settings           [   0.03274] color: 32 (rgba 8880), depth: 24, stencil: 8, acc: 0000, samples: 2/1
display  D   display_settings.c:400  _al_score_display_settings       [   0.03276] Single Buffer requirement not met.
display  D   display_settings.c:214  debug_display_settings           [   0.03278] color: 32 (rgba 8880), depth: 24, stencil: 8, acc: 0000, samples: 3/1
display  D   display_settings.c:400  _al_score_display_settings       [   0.03281] Single Buffer requirement not met.
display  D   display_settings.c:214  debug_display_settings           [   0.03283] color: 32 (rgba 8880), depth: 24, stencil: 8, acc: 0000, samples: 4/1
display  D   display_settings.c:400  _al_score_display_settings       [   0.03286] Single Buffer requirement not met.
display  D   display_settings.c:214  debug_display_settings           [   0.03288] color: 32 (rgba 8880), depth: 24, stencil: 8, acc: 0000, samples: 5/1
display  D   display_settings.c:400  _al_score_display_settings       [   0.03291] Single Buffer requirement not met.
display  D   display_settings.c:214  debug_display_settings           [   0.03293] color: 32 (rgba 8880), depth: 24, stencil: 8, acc: 0000, samples: 6/1
display  D   display_settings.c:400  _al_score_display_settings       [   0.03295] Single Buffer requirement not met.
display  D   display_settings.c:214  debug_display_settings           [   0.03298] color: 32 (rgba 8880), depth: 24, stencil: 8, acc: 0000, samples: 7/1
display  D   display_settings.c:400  _al_score_display_settings       [   0.03300] Single Buffer requirement not met.
display  D   display_settings.c:214  debug_display_settings           [   0.03303] color: 32 (rgba 8880), depth: 24, stencil: 8, acc: 0000, samples: 8/1
display  D   display_settings.c:400  _al_score_display_settings       [   0.03306] Single Buffer requirement not met.
display  D   display_settings.c:214  debug_display_settings           [   0.03308] color: 32 (rgba 8880), depth: 24, stencil: 0, acc: 0000, samples: 0/0
display  D   display_settings.c:400  _al_score_display_settings       [   0.03310] Single Buffer requirement not met.
display  D   display_settings.c:214  debug_display_settings           [   0.03312] color: 32 (rgba 8880), depth: 24, stencil: 0, acc: 0000, samples: 0/0
display  D   display_settings.c:400  _al_score_display_settings       [   0.03315] Single Buffer requirement not met.
display  D   display_settings.c:214  debug_display_settings           [   0.03317] color: 32 (rgba 8880), depth: 24, stencil: 0, acc: 0000, samples: 2/1
display  D   display_settings.c:400  _al_score_display_settings       [   0.03320] Single Buffer requirement not met.
display  D   display_settings.c:214  debug_display_settings           [   0.03322] color: 32 (rgba 8880), depth: 24, stencil: 0, acc: 0000, samples: 3/1
display  D   display_settings.c:400  _al_score_display_settings       [   0.03325] Single Buffer requirement not met.
display  D   display_settings.c:214  debug_display_settings           [   0.03326] color: 32 (rgba 8880), depth: 24, stencil: 0, acc: 0000, samples: 4/1
display  D   display_settings.c:400  _al_score_display_settings       [   0.03328] Single Buffer requirement not met.
display  D   display_settings.c:214  debug_display_settings           [   0.03330] color: 32 (rgba 8880), depth: 24, stencil: 0, acc: 0000, samples: 5/1
display  D   display_settings.c:400  _al_score_display_settings       [   0.03332] Single Buffer requirement not met.
display  D   display_settings.c:214  debug_display_settings           [   0.03334] color: 32 (rgba 8880), depth: 24, stencil: 0, acc: 0000, samples: 6/1
display  D   display_settings.c:400  _al_score_display_settings       [   0.03336] Single Buffer requirement not met.
display  D   display_settings.c:214  debug_display_settings           [   0.03337] color: 32 (rgba 8880), depth: 24, stencil: 0, acc: 0000, samples: 7/1
display  D   display_settings.c:400  _al_score_display_settings       [   0.03339] Single Buffer requirement not met.
display  D   display_settings.c:214  debug_display_settings           [   0.03341] color: 32 (rgba 8880), depth: 24, stencil: 0, acc: 0000, samples: 8/1
display  D   display_settings.c:400  _al_score_display_settings       [   0.03343] Single Buffer requirement not met.
display  D   display_settings.c:214  debug_display_settings           [   0.03345] color: 32 (rgba 8880), depth: 16, stencil: 0, acc: 0000, samples: 0/0
display  D   display_settings.c:400  _al_score_display_settings       [   0.03347] Single Buffer requirement not met.
display  D   display_settings.c:214  debug_display_settings           [   0.03348] color: 32 (rgba 8880), depth: 16, stencil: 0, acc: 0000, samples: 0/0
display  D   display_settings.c:400  _al_score_display_settings       [   0.03350] Single Buffer requirement not met.
display  D   display_settings.c:214  debug_display_settings           [   0.03352] color: 32 (rgba 8880), depth: 16, stencil: 0, acc: 0000, samples: 2/1
display  D   display_settings.c:400  _al_score_display_settings       [   0.03354] Single Buffer requirement not met.
display  D   display_settings.c:214  debug_display_settings           [   0.03355] color: 32 (rgba 8880), depth: 16, stencil: 0, acc: 0000, samples: 3/1
display  D   display_settings.c:400  _al_score_display_settings       [   0.03357] Single Buffer requirement not met.
display  D   display_settings.c:214  debug_display_settings           [   0.03359] color: 32 (rgba 8880), depth: 16, stencil: 0, acc: 0000, samples: 4/1
display  D   display_settings.c:400  _al_score_display_settings       [   0.03361] Single Buffer requirement not met.
display  D   display_settings.c:214  debug_display_settings           [   0.03363] color: 32 (rgba 8880), depth: 16, stencil: 0, acc: 0000, samples: 5/1
display  D   display_settings.c:400  _al_score_display_settings       [   0.03365] Single Buffer requirement not met.
display  D   display_settings.c:214  debug_display_settings           [   0.03366] color: 32 (rgba 8880), depth: 16, stencil: 0, acc: 0000, samples: 6/1
display  D   display_settings.c:400  _al_score_display_settings       [   0.03368] Single Buffer requirement not met.
display  D   display_settings.c:214  debug_display_settings           [   0.03370] color: 32 (rgba 8880), depth: 16, stencil: 0, acc: 0000, samples: 7/1
display  D   display_settings.c:400  _al_score_display_settings       [   0.03372] Single Buffer requirement not met.
display  D   display_settings.c:214  debug_display_settings           [   0.03374] color: 32 (rgba 8880), depth: 16, stencil: 0, acc: 0000, samples: 8/1
display  D   display_settings.c:400  _al_score_display_settings       [   0.03376] Single Buffer requirement not met.
display  D   display_settings.c:214  debug_display_settings           [   0.03377] color: 16 (rgba 5650), depth: 0, stencil: 0, acc: 0000, samples: 0/0
display  D   display_settings.c:400  _al_score_display_settings       [   0.03379] Single Buffer requirement not met.
display  D   display_settings.c:214  debug_display_settings           [   0.03381] color: 16 (rgba 5650), depth: 0, stencil: 0, acc: 0000, samples: 0/0
display  D   display_settings.c:400  _al_score_display_settings       [   0.03383] Single Buffer requirement not met.
display  D   display_settings.c:214  debug_display_settings           [   0.03385] color: 16 (rgba 5650), depth: 0, stencil: 0, acc: 0000, samples: 2/1
display  D   display_settings.c:400  _al_score_display_settings       [   0.03387] Single Buffer requirement not met.
display  D   display_settings.c:214  debug_display_settings           [   0.03388] color: 16 (rgba 5650), depth: 0, stencil: 0, acc: 0000, samples: 3/1
display  D   display_settings.c:400  _al_score_display_settings       [   0.03390] Single Buffer requirement not met.
display  D   display_settings.c:214  debug_display_settings           [   0.03392] color: 16 (rgba 5650), depth: 0, stencil: 0, acc: 0000, samples: 4/1
display  D   display_settings.c:400  _al_score_display_settings       [   0.03394] Single Buffer requirement not met.
display  D   display_settings.c:214  debug_display_settings           [   0.03396] color: 16 (rgba 5650), depth: 0, stencil: 0, acc: 0000, samples: 5/1
display  D   display_settings.c:400  _al_score_display_settings       [   0.03398] Single Buffer requirement not met.
display  D   display_settings.c:214  debug_display_settings           [   0.03399] color: 16 (rgba 5650), depth: 0, stencil: 0, acc: 0000, samples: 6/1
display  D   display_settings.c:400  _al_score_display_settings       [   0.03401] Single Buffer requirement not met.
display  D   display_settings.c:214  debug_display_settings           [   0.03403] color: 16 (rgba 5650), depth: 0, stencil: 0, acc: 0000, samples: 7/1
display  D   display_settings.c:400  _al_score_display_settings       [   0.03405] Single Buffer requirement not met.
display  D   display_settings.c:214  debug_display_settings           [   0.03406] color: 16 (rgba 5650), depth: 0, stencil: 0, acc: 0000, samples: 8/1
display  D   display_settings.c:400  _al_score_display_settings       [   0.03408] Single Buffer requirement not met.
display  D   display_settings.c:214  debug_display_settings           [   0.03410] color: 16 (rgba 5650), depth: 24, stencil: 8, acc: 0000, samples: 0/0
display  D   display_settings.c:400  _al_score_display_settings       [   0.03412] Single Buffer requirement not met.
display  D   display_settings.c:214  debug_display_settings           [   0.03414] color: 16 (rgba 5650), depth: 24, stencil: 8, acc: 0000, samples: 0/0
display  D   display_settings.c:400  _al_score_display_settings       [   0.03421] Single Buffer requirement not met.
display  D   display_settings.c:214  debug_display_settings           [   0.03423] color: 16 (rgba 5650), depth: 24, stencil: 8, acc: 0000, samples: 2/1
display  D   display_settings.c:400  _al_score_display_settings       [   0.03425] Single Buffer requirement not met.
display  D   display_settings.c:214  debug_display_settings           [   0.03426] color: 16 (rgba 5650), depth: 24, stencil: 8, acc: 0000, samples: 3/1
display  D   display_settings.c:400  _al_score_display_settings       [   0.03428] Single Buffer requirement not met.
display  D   display_settings.c:214  debug_display_settings           [   0.03430] color: 16 (rgba 5650), depth: 24, stencil: 8, acc: 0000, samples: 4/1
display  D   display_settings.c:400  _al_score_display_settings       [   0.03432] Single Buffer requirement not met.
display  D   display_settings.c:214  debug_display_settings           [   0.03433] color: 16 (rgba 5650), depth: 24, stencil: 8, acc: 0000, samples: 5/1
display  D   display_settings.c:400  _al_score_display_settings       [   0.03435] Single Buffer requirement not met.
display  D   display_settings.c:214  debug_display_settings           [   0.03437] color: 16 (rgba 5650), depth: 24, stencil: 8, acc: 0000, samples: 6/1
display  D   display_settings.c:400  _al_score_display_settings       [   0.03439] Single Buffer requirement not met.
display  D   display_settings.c:214  debug_display_settings           [   0.03441] color: 16 (rgba 5650), depth: 24, stencil: 8, acc: 0000, samples: 7/1
display  D   display_settings.c:400  _al_score_display_settings       [   0.03443] Single Buffer requirement not met.
display  D   display_settings.c:214  debug_display_settings           [   0.03444] color: 16 (rgba 5650), depth: 24, stencil: 8, acc: 0000, samples: 8/1
display  D   display_settings.c:400  _al_score_display_settings       [   0.03446] Single Buffer requirement not met.
display  D   display_settings.c:214  debug_display_settings           [   0.03448] color: 16 (rgba 5650), depth: 24, stencil: 0, acc: 0000, samples: 0/0
display  D   display_settings.c:400  _al_score_display_settings       [   0.03450] Single Buffer requirement not met.
display  D   display_settings.c:214  debug_display_settings           [   0.03451] color: 16 (rgba 5650), depth: 24, stencil: 0, acc: 0000, samples: 0/0
display  D   display_settings.c:400  _al_score_display_settings       [   0.03453] Single Buffer requirement not met.
display  D   display_settings.c:214  debug_display_settings           [   0.03455] color: 16 (rgba 5650), depth: 24, stencil: 0, acc: 0000, samples: 2/1
display  D   display_settings.c:400  _al_score_display_settings       [   0.03457] Single Buffer requirement not met.
display  D   display_settings.c:214  debug_display_settings           [   0.03459] color: 16 (rgba 5650), depth: 24, stencil: 0, acc: 0000, samples: 3/1
display  D   display_settings.c:400  _al_score_display_settings       [   0.03460] Single Buffer requirement not met.
display  D   display_settings.c:214  debug_display_settings           [   0.03462] color: 16 (rgba 5650), depth: 24, stencil: 0, acc: 0000, samples: 4/1
display  D   display_settings.c:400  _al_score_display_settings       [   0.03464] Single Buffer requirement not met.
display  D   display_settings.c:214  debug_display_settings           [   0.03466] color: 16 (rgba 5650), depth: 24, stencil: 0, acc: 0000, samples: 5/1
display  D   display_settings.c:400  _al_score_display_settings       [   0.03468] Single Buffer requirement not met.
display  D   display_settings.c:214  debug_display_settings           [   0.03469] color: 16 (rgba 5650), depth: 24, stencil: 0, acc: 0000, samples: 6/1
display  D   display_settings.c:400  _al_score_display_settings       [   0.03471] Single Buffer requirement not met.
display  D   display_settings.c:214  debug_display_settings           [   0.03473] color: 16 (rgba 5650), depth: 24, stencil: 0, acc: 0000, samples: 7/1
display  D   display_settings.c:400  _al_score_display_settings       [   0.03475] Single Buffer requirement not met.
display  D   display_settings.c:214  debug_display_settings           [   0.03477] color: 16 (rgba 5650), depth: 24, stencil: 0, acc: 0000, samples: 8/1
display  D   display_settings.c:400  _al_score_display_settings       [   0.03479] Single Buffer requirement not met.
display  D   display_settings.c:214  debug_display_settings           [   0.03480] color: 16 (rgba 5650), depth: 16, stencil: 0, acc: 0000, samples: 0/0
display  D   display_settings.c:400  _al_score_display_settings       [   0.03482] Single Buffer requirement not met.
display  D   display_settings.c:214  debug_display_settings           [   0.03484] color: 16 (rgba 5650), depth: 16, stencil: 0, acc: 0000, samples: 0/0
display  D   display_settings.c:400  _al_score_display_settings       [   0.03486] Single Buffer requirement not met.
display  D   display_settings.c:214  debug_display_settings           [   0.03488] color: 16 (rgba 5650), depth: 16, stencil: 0, acc: 0000, samples: 2/1
display  D   display_settings.c:400  _al_score_display_settings       [   0.03490] Single Buffer requirement not met.
display  D   display_settings.c:214  debug_display_settings           [   0.03491] color: 16 (rgba 5650), depth: 16, stencil: 0, acc: 0000, samples: 3/1
display  D   display_settings.c:400  _al_score_display_settings       [   0.03493] Single Buffer requirement not met.
display  D   display_settings.c:214  debug_display_settings           [   0.03495] color: 16 (rgba 5650), depth: 16, stencil: 0, acc: 0000, samples: 4/1
display  D   display_settings.c:400  _al_score_display_settings       [   0.03497] Single Buffer requirement not met.
display  D   display_settings.c:214  debug_display_settings           [   0.03499] color: 16 (rgba 5650), depth: 16, stencil: 0, acc: 0000, samples: 5/1
display  D   display_settings.c:400  _al_score_display_settings       [   0.03501] Single Buffer requirement not met.
display  D   display_settings.c:214  debug_display_settings           [   0.03502] color: 16 (rgba 5650), depth: 16, stencil: 0, acc: 0000, samples: 6/1
display  D   display_settings.c:400  _al_score_display_settings       [   0.03504] Single Buffer requirement not met.
display  D   display_settings.c:214  debug_display_settings           [   0.03506] color: 16 (rgba 5650), depth: 16, stencil: 0, acc: 0000, samples: 7/1
display  D   display_settings.c:400  _al_score_display_settings       [   0.03508] Single Buffer requirement not met.
display  D   display_settings.c:214  debug_display_settings           [   0.03509] color: 16 (rgba 5650), depth: 16, stencil: 0, acc: 0000, samples: 8/1
display  D   display_settings.c:400  _al_score_display_settings       [   0.03511] Single Buffer requirement not met.
display  D   display_settings.c:214  debug_display_settings           [   0.03513] color: 32 (rgba 8880), depth: 0, stencil: 0, acc: 0000, samples: 0/0
display  D   display_settings.c:529  _al_score_display_settings       [   0.03515] Score is : 769
display  D   display_settings.c:214  debug_display_settings           [   0.03517] color: 32 (rgba 8880), depth: 0, stencil: 0, acc: 0000, samples: 0/0
display  D   display_settings.c:529  _al_score_display_settings       [   0.03519] Score is : 769
display  D   display_settings.c:214  debug_display_settings           [   0.03520] color: 32 (rgba 8880), depth: 0, stencil: 0, acc: 0000, samples: 2/1
display  D   display_settings.c:529  _al_score_display_settings       [   0.03522] Score is : 598
display  D   display_settings.c:214  debug_display_settings           [   0.03524] color: 32 (rgba 8880), depth: 0, stencil: 0, acc: 0000, samples: 3/1
display  D   display_settings.c:529  _al_score_display_settings       [   0.03526] Score is : 593
display  D   display_settings.c:214  debug_display_settings           [   0.03527] color: 32 (rgba 8880), depth: 0, stencil: 0, acc: 0000, samples: 4/1
display  D   display_settings.c:529  _al_score_display_settings       [   0.03529] Score is : 589
display  D   display_settings.c:214  debug_display_settings           [   0.03531] color: 32 (rgba 8880), depth: 0, stencil: 0, acc: 0000, samples: 5/1
display  D   display_settings.c:529  _al_score_display_settings       [   0.03533] Score is : 587
display  D   display_settings.c:214  debug_display_settings           [   0.03534] color: 32 (rgba 8880), depth: 0, stencil: 0, acc: 0000, samples: 6/1
display  D   display_settings.c:529  _al_score_display_settings       [   0.03536] Score is : 586
display  D   display_settings.c:214  debug_display_settings           [   0.03538] color: 32 (rgba 8880), depth: 0, stencil: 0, acc: 0000, samples: 7/1
display  D   display_settings.c:529  _al_score_display_settings       [   0.03540] Score is : 585
display  D   display_settings.c:214  debug_display_settings           [   0.03541] color: 32 (rgba 8880), depth: 0, stencil: 0, acc: 0000, samples: 8/1
display  D   display_settings.c:529  _al_score_display_settings       [   0.03543] Score is : 584
display  D   display_settings.c:214  debug_display_settings           [   0.03545] color: 32 (rgba 8880), depth: 24, stencil: 8, acc: 0000, samples: 0/0
display  D   display_settings.c:529  _al_score_display_settings       [   0.03547] Score is : 769
display  D   display_settings.c:214  debug_display_settings           [   0.03549] color: 32 (rgba 8880), depth: 24, stencil: 8, acc: 0000, samples: 0/0
display  D   display_settings.c:529  _al_score_display_settings       [   0.03550] Score is : 769
display  D   display_settings.c:214  debug_display_settings           [   0.03552] color: 32 (rgba 8880), depth: 24, stencil: 8, acc: 0000, samples: 2/1
display  D   display_settings.c:529  _al_score_display_settings       [   0.03554] Score is : 598
display  D   display_settings.c:214  debug_display_settings           [   0.03555] color: 32 (rgba 8880), depth: 24, stencil: 8, acc: 0000, samples: 3/1
display  D   display_settings.c:529  _al_score_display_settings       [   0.03557] Score is : 593
display  D   display_settings.c:214  debug_display_settings           [   0.03559] color: 32 (rgba 8880), depth: 24, stencil: 8, acc: 0000, samples: 4/1
display  D   display_settings.c:529  _al_score_display_settings       [   0.03561] Score is : 589
display  D   display_settings.c:214  debug_display_settings           [   0.03563] color: 32 (rgba 8880), depth: 24, stencil: 8, acc: 0000, samples: 5/1
display  D   display_settings.c:529  _al_score_display_settings       [   0.03565] Score is : 587
display  D   display_settings.c:214  debug_display_settings           [   0.03566] color: 32 (rgba 8880), depth: 24, stencil: 8, acc: 0000, samples: 6/1
display  D   display_settings.c:529  _al_score_display_settings       [   0.03568] Score is : 586
display  D   display_settings.c:214  debug_display_settings           [   0.03570] color: 32 (rgba 8880), depth: 24, stencil: 8, acc: 0000, samples: 7/1
display  D   display_settings.c:529  _al_score_display_settings       [   0.03572] Score is : 585
display  D   display_settings.c:214  debug_display_settings           [   0.03573] color: 32 (rgba 8880), depth: 24, stencil: 8, acc: 0000, samples: 8/1
display  D   display_settings.c:529  _al_score_display_settings       [   0.03576] Score is : 584
display  D   display_settings.c:214  debug_display_settings           [   0.03577] color: 32 (rgba 8880), depth: 24, stencil: 0, acc: 0000, samples: 0/0
display  D   display_settings.c:529  _al_score_display_settings       [   0.03579] Score is : 769
display  D   display_settings.c:214  debug_display_settings           [   0.03581] color: 32 (rgba 8880), depth: 24, stencil: 0, acc: 0000, samples: 0/0
display  D   display_settings.c:529  _al_score_display_settings       [   0.03583] Score is : 769
display  D   display_settings.c:214  debug_display_settings           [   0.03584] color: 32 (rgba 8880), depth: 24, stencil: 0, acc: 0000, samples: 2/1
display  D   display_settings.c:529  _al_score_display_settings       [   0.03586] Score is : 598
display  D   display_settings.c:214  debug_display_settings           [   0.03588] color: 32 (rgba 8880), depth: 24, stencil: 0, acc: 0000, samples: 3/1
display  D   display_settings.c:529  _al_score_display_settings       [   0.03591] Score is : 593
display  D   display_settings.c:214  debug_display_settings           [   0.03593] color: 32 (rgba 8880), depth: 24, stencil: 0, acc: 0000, samples: 4/1
display  D   display_settings.c:529  _al_score_display_settings       [   0.03596] Score is : 589
display  D   display_settings.c:214  debug_display_settings           [   0.03598] color: 32 (rgba 8880), depth: 24, stencil: 0, acc: 0000, samples: 5/1
display  D   display_settings.c:529  _al_score_display_settings       [   0.03601] Score is : 587
display  D   display_settings.c:214  debug_display_settings           [   0.03603] color: 32 (rgba 8880), depth: 24, stencil: 0, acc: 0000, samples: 6/1
display  D   display_settings.c:529  _al_score_display_settings       [   0.03606] Score is : 586
display  D   display_settings.c:214  debug_display_settings           [   0.03608] color: 32 (rgba 8880), depth: 24, stencil: 0, acc: 0000, samples: 7/1
display  D   display_settings.c:529  _al_score_display_settings       [   0.03611] Score is : 585
display  D   display_settings.c:214  debug_display_settings           [   0.03612] color: 32 (rgba 8880), depth: 24, stencil: 0, acc: 0000, samples: 8/1
display  D   display_settings.c:529  _al_score_display_settings       [   0.03614] Score is : 584
display  D   display_settings.c:214  debug_display_settings           [   0.03616] color: 32 (rgba 8880), depth: 16, stencil: 0, acc: 0000, samples: 0/0
display  D   display_settings.c:529  _al_score_display_settings       [   0.03618] Score is : 769
display  D   display_settings.c:214  debug_display_settings           [   0.03620] color: 32 (rgba 8880), depth: 16, stencil: 0, acc: 0000, samples: 0/0
display  D   display_settings.c:529  _al_score_display_settings       [   0.03622] Score is : 769
display  D   display_settings.c:214  debug_display_settings           [   0.03623] color: 32 (rgba 8880), depth: 16, stencil: 0, acc: 0000, samples: 2/1
display  D   display_settings.c:529  _al_score_display_settings       [   0.03625] Score is : 598
display  D   display_settings.c:214  debug_display_settings           [   0.03627] color: 32 (rgba 8880), depth: 16, stencil: 0, acc: 0000, samples: 3/1
display  D   display_settings.c:529  _al_score_display_settings       [   0.03629] Score is : 593
display  D   display_settings.c:214  debug_display_settings           [   0.03630] color: 32 (rgba 8880), depth: 16, stencil: 0, acc: 0000, samples: 4/1
display  D   display_settings.c:529  _al_score_display_settings       [   0.03632] Score is : 589
display  D   display_settings.c:214  debug_display_settings           [   0.03634] color: 32 (rgba 8880), depth: 16, stencil: 0, acc: 0000, samples: 5/1
display  D   display_settings.c:529  _al_score_display_settings       [   0.03636] Score is : 587
display  D   display_settings.c:214  debug_display_settings           [   0.03637] color: 32 (rgba 8880), depth: 16, stencil: 0, acc: 0000, samples: 6/1
display  D   display_settings.c:529  _al_score_display_settings       [   0.03639] Score is : 586
display  D   display_settings.c:214  debug_display_settings           [   0.03641] color: 32 (rgba 8880), depth: 16, stencil: 0, acc: 0000, samples: 7/1
display  D   display_settings.c:529  _al_score_display_settings       [   0.03643] Score is : 585
display  D   display_settings.c:214  debug_display_settings           [   0.03644] color: 32 (rgba 8880), depth: 16, stencil: 0, acc: 0000, samples: 8/1
display  D   display_settings.c:529  _al_score_display_settings       [   0.03646] Score is : 584
display  D   display_settings.c:214  debug_display_settings           [   0.03648] color: 16 (rgba 5650), depth: 0, stencil: 0, acc: 0000, samples: 0/0
display  D   display_settings.c:529  _al_score_display_settings       [   0.03650] Score is : 769
display  D   display_settings.c:214  debug_display_settings           [   0.03651] color: 16 (rgba 5650), depth: 0, stencil: 0, acc: 0000, samples: 0/0
display  D   display_settings.c:529  _al_score_display_settings       [   0.03653] Score is : 769
display  D   display_settings.c:214  debug_display_settings           [   0.03655] color: 16 (rgba 5650), depth: 0, stencil: 0, acc: 0000, samples: 2/1
display  D   display_settings.c:529  _al_score_display_settings       [   0.03657] Score is : 598
display  D   display_settings.c:214  debug_display_settings           [   0.03658] color: 16 (rgba 5650), depth: 0, stencil: 0, acc: 0000, samples: 3/1
display  D   display_settings.c:529  _al_score_display_settings       [   0.03660] Score is : 593
display  D   display_settings.c:214  debug_display_settings           [   0.03662] color: 16 (rgba 5650), depth: 0, stencil: 0, acc: 0000, samples: 4/1
display  D   display_settings.c:529  _al_score_display_settings       [   0.03664] Score is : 589
display  D   display_settings.c:214  debug_display_settings           [   0.03665] color: 16 (rgba 5650), depth: 0, stencil: 0, acc: 0000, samples: 5/1
display  D   display_settings.c:529  _al_score_display_settings       [   0.03667] Score is : 587
display  D   display_settings.c:214  debug_display_settings           [   0.03669] color: 16 (rgba 5650), depth: 0, stencil: 0, acc: 0000, samples: 6/1
display  D   display_settings.c:529  _al_score_display_settings       [   0.03671] Score is : 586
display  D   display_settings.c:214  debug_display_settings           [   0.03672] color: 16 (rgba 5650), depth: 0, stencil: 0, acc: 0000, samples: 7/1
display  D   display_settings.c:529  _al_score_display_settings       [   0.03674] Score is : 585
display  D   display_settings.c:214  debug_display_settings           [   0.03676] color: 16 (rgba 5650), depth: 0, stencil: 0, acc: 0000, samples: 8/1
display  D   display_settings.c:529  _al_score_display_settings       [   0.03678] Score is : 584
display  D   display_settings.c:214  debug_display_settings           [   0.03679] color: 16 (rgba 5650), depth: 24, stencil: 8, acc: 0000, samples: 0/0
display  D   display_settings.c:529  _al_score_display_settings       [   0.03681] Score is : 769
display  D   display_settings.c:214  debug_display_settings           [   0.03683] color: 16 (rgba 5650), depth: 24, stencil: 8, acc: 0000, samples: 0/0
display  D   display_settings.c:529  _al_score_display_settings       [   0.03685] Score is : 769
display  D   display_settings.c:214  debug_display_settings           [   0.03686] color: 16 (rgba 5650), depth: 24, stencil: 8, acc: 0000, samples: 2/1
display  D   display_settings.c:529  _al_score_display_settings       [   0.03688] Score is : 598
display  D   display_settings.c:214  debug_display_settings           [   0.03690] color: 16 (rgba 5650), depth: 24, stencil: 8, acc: 0000, samples: 3/1
display  D   display_settings.c:529  _al_score_display_settings       [   0.03692] Score is : 593
display  D   display_settings.c:214  debug_display_settings           [   0.03694] color: 16 (rgba 5650), depth: 24, stencil: 8, acc: 0000, samples: 4/1
display  D   display_settings.c:529  _al_score_display_settings       [   0.03696] Score is : 589
display  D   display_settings.c:214  debug_display_settings           [   0.03698] color: 16 (rgba 5650), depth: 24, stencil: 8, acc: 0000, samples: 5/1
display  D   display_settings.c:529  _al_score_display_settings       [   0.03700] Score is : 587
display  D   display_settings.c:214  debug_display_settings           [   0.03701] color: 16 (rgba 5650), depth: 24, stencil: 8, acc: 0000, samples: 6/1
display  D   display_settings.c:529  _al_score_display_settings       [   0.03703] Score is : 586
display  D   display_settings.c:214  debug_display_settings           [   0.03705] color: 16 (rgba 5650), depth: 24, stencil: 8, acc: 0000, samples: 7/1
display  D   display_settings.c:529  _al_score_display_settings       [   0.03707] Score is : 585
display  D   display_settings.c:214  debug_display_settings           [   0.03708] color: 16 (rgba 5650), depth: 24, stencil: 8, acc: 0000, samples: 8/1
display  D   display_settings.c:529  _al_score_display_settings       [   0.03710] Score is : 584
display  D   display_settings.c:214  debug_display_settings           [   0.03712] color: 16 (rgba 5650), depth: 24, stencil: 0, acc: 0000, samples: 0/0
display  D   display_settings.c:529  _al_score_display_settings       [   0.03714] Score is : 769
display  D   display_settings.c:214  debug_display_settings           [   0.03715] color: 16 (rgba 5650), depth: 24, stencil: 0, acc: 0000, samples: 0/0
display  D   display_settings.c:529  _al_score_display_settings       [   0.03717] Score is : 769
display  D   display_settings.c:214  debug_display_settings           [   0.03719] color: 16 (rgba 5650), depth: 24, stencil: 0, acc: 0000, samples: 2/1
display  D   display_settings.c:529  _al_score_display_settings       [   0.03721] Score is : 598
display  D   display_settings.c:214  debug_display_settings           [   0.03722] color: 16 (rgba 5650), depth: 24, stencil: 0, acc: 0000, samples: 3/1
display  D   display_settings.c:529  _al_score_display_settings       [   0.03724] Score is : 593
display  D   display_settings.c:214  debug_display_settings           [   0.03726] color: 16 (rgba 5650), depth: 24, stencil: 0, acc: 0000, samples: 4/1
display  D   display_settings.c:529  _al_score_display_settings       [   0.03728] Score is : 589
display  D   display_settings.c:214  debug_display_settings           [   0.03729] color: 16 (rgba 5650), depth: 24, stencil: 0, acc: 0000, samples: 5/1
display  D   display_settings.c:529  _al_score_display_settings       [   0.03731] Score is : 587
display  D   display_settings.c:214  debug_display_settings           [   0.03733] color: 16 (rgba 5650), depth: 24, stencil: 0, acc: 0000, samples: 6/1
display  D   display_settings.c:529  _al_score_display_settings       [   0.03735] Score is : 586
display  D   display_settings.c:214  debug_display_settings           [   0.03736] color: 16 (rgba 5650), depth: 24, stencil: 0, acc: 0000, samples: 7/1
display  D   display_settings.c:529  _al_score_display_settings       [   0.03738] Score is : 585
display  D   display_settings.c:214  debug_display_settings           [   0.03740] color: 16 (rgba 5650), depth: 24, stencil: 0, acc: 0000, samples: 8/1
display  D   display_settings.c:529  _al_score_display_settings       [   0.03742] Score is : 584
display  D   display_settings.c:214  debug_display_settings           [   0.03744] color: 16 (rgba 5650), depth: 16, stencil: 0, acc: 0000, samples: 0/0
display  D   display_settings.c:529  _al_score_display_settings       [   0.03746] Score is : 769
display  D   display_settings.c:214  debug_display_settings           [   0.03747] color: 16 (rgba 5650), depth: 16, stencil: 0, acc: 0000, samples: 0/0
display  D   display_settings.c:529  _al_score_display_settings       [   0.03749] Score is : 769
display  D   display_settings.c:214  debug_display_settings           [   0.03751] color: 16 (rgba 5650), depth: 16, stencil: 0, acc: 0000, samples: 2/1
display  D   display_settings.c:529  _al_score_display_settings       [   0.03753] Score is : 598
display  D   display_settings.c:214  debug_display_settings           [   0.03754] color: 16 (rgba 5650), depth: 16, stencil: 0, acc: 0000, samples: 3/1
display  D   display_settings.c:529  _al_score_display_settings       [   0.03756] Score is : 593
display  D   display_settings.c:214  debug_display_settings           [   0.03758] color: 16 (rgba 5650), depth: 16, stencil: 0, acc: 0000, samples: 4/1
display  D   display_settings.c:529  _al_score_display_settings       [   0.03760] Score is : 589
display  D   display_settings.c:214  debug_display_settings           [   0.03761] color: 16 (rgba 5650), depth: 16, stencil: 0, acc: 0000, samples: 5/1
display  D   display_settings.c:529  _al_score_display_settings       [   0.03763] Score is : 587
display  D   display_settings.c:214  debug_display_settings           [   0.03765] color: 16 (rgba 5650), depth: 16, stencil: 0, acc: 0000, samples: 6/1
display  D   display_settings.c:529  _al_score_display_settings       [   0.03767] Score is : 586
display  D   display_settings.c:214  debug_display_settings           [   0.03768] color: 16 (rgba 5650), depth: 16, stencil: 0, acc: 0000, samples: 7/1
display  D   display_settings.c:529  _al_score_display_settings       [   0.03770] Score is : 585
display  D   display_settings.c:214  debug_display_settings           [   0.03772] color: 16 (rgba 5650), depth: 16, stencil: 0, acc: 0000, samples: 8/1
display  D   display_settings.c:529  _al_score_display_settings       [   0.03774] Score is : 584
display  D   display_settings.c:214  debug_display_settings           [   0.03775] color: 32 (rgba 8880), depth: 0, stencil: 0, acc: 0000, samples: 0/0
display  D   display_settings.c:400  _al_score_display_settings       [   0.03777] Single Buffer requirement not met.
display  D   display_settings.c:214  debug_display_settings           [   0.03779] color: 32 (rgba 8880), depth: 0, stencil: 0, acc: 0000, samples: 0/0
display  D   display_settings.c:400  _al_score_display_settings       [   0.03781] Single Buffer requirement not met.
display  D   display_settings.c:214  debug_display_settings           [   0.03783] color: 32 (rgba 8880), depth: 0, stencil: 0, acc: 0000, samples: 2/1
display  D   display_settings.c:400  _al_score_display_settings       [   0.03785] Single Buffer requirement not met.
display  D   display_settings.c:214  debug_display_settings           [   0.03787] color: 32 (rgba 8880), depth: 0, stencil: 0, acc: 0000, samples: 3/1
display  D   display_settings.c:400  _al_score_display_settings       [   0.03789] Single Buffer requirement not met.
display  D   display_settings.c:214  debug_display_settings           [   0.03790] color: 32 (rgba 8880), depth: 0, stencil: 0, acc: 0000, samples: 4/1
display  D   display_settings.c:400  _al_score_display_settings       [   0.03792] Single Buffer requirement not met.
display  D   display_settings.c:214  debug_display_settings           [   0.03794] color: 32 (rgba 8880), depth: 0, stencil: 0, acc: 0000, samples: 5/1
display  D   display_settings.c:400  _al_score_display_settings       [   0.03796] Single Buffer requirement not met.
display  D   display_settings.c:214  debug_display_settings           [   0.03797] color: 32 (rgba 8880), depth: 0, stencil: 0, acc: 0000, samples: 6/1
display  D   display_settings.c:400  _al_score_display_settings       [   0.03799] Single Buffer requirement not met.
display  D   display_settings.c:214  debug_display_settings           [   0.03801] color: 32 (rgba 8880), depth: 0, stencil: 0, acc: 0000, samples: 7/1
display  D   display_settings.c:400  _al_score_display_settings       [   0.03803] Single Buffer requirement not met.
display  D   display_settings.c:214  debug_display_settings           [   0.03805] color: 32 (rgba 8880), depth: 0, stencil: 0, acc: 0000, samples: 8/1
display  D   display_settings.c:400  _al_score_display_settings       [   0.03806] Single Buffer requirement not met.
display  D   display_settings.c:214  debug_display_settings           [   0.03808] color: 32 (rgba 8880), depth: 24, stencil: 8, acc: 0000, samples: 0/0
display  D   display_settings.c:400  _al_score_display_settings       [   0.03810] Single Buffer requirement not met.
display  D   display_settings.c:214  debug_display_settings           [   0.03812] color: 32 (rgba 8880), depth: 24, stencil: 8, acc: 0000, samples: 0/0
display  D   display_settings.c:400  _al_score_display_settings       [   0.03814] Single Buffer requirement not met.
display  D   display_settings.c:214  debug_display_settings           [   0.03815] color: 32 (rgba 8880), depth: 24, stencil: 8, acc: 0000, samples: 2/1
display  D   display_settings.c:400  _al_score_display_settings       [   0.03817] Single Buffer requirement not met.
display  D   display_settings.c:214  debug_display_settings           [   0.03819] color: 32 (rgba 8880), depth: 24, stencil: 8, acc: 0000, samples: 3/1
display  D   display_settings.c:400  _al_score_display_settings       [   0.03821] Single Buffer requirement not met.
display  D   display_settings.c:214  debug_display_settings           [   0.03823] color: 32 (rgba 8880), depth: 24, stencil: 8, acc: 0000, samples: 4/1
display  D   display_settings.c:400  _al_score_display_settings       [   0.03825] Single Buffer requirement not met.
display  D   display_settings.c:214  debug_display_settings           [   0.03826] color: 32 (rgba 8880), depth: 24, stencil: 8, acc: 0000, samples: 5/1
display  D   display_settings.c:400  _al_score_display_settings       [   0.03828] Single Buffer requirement not met.
display  D   display_settings.c:214  debug_display_settings           [   0.03830] color: 32 (rgba 8880), depth: 24, stencil: 8, acc: 0000, samples: 6/1
display  D   display_settings.c:400  _al_score_display_settings       [   0.03832] Single Buffer requirement not met.
display  D   display_settings.c:214  debug_display_settings           [   0.03834] color: 32 (rgba 8880), depth: 24, stencil: 8, acc: 0000, samples: 7/1
display  D   display_settings.c:400  _al_score_display_settings       [   0.03836] Single Buffer requirement not met.
display  D   display_settings.c:214  debug_display_settings           [   0.03838] color: 32 (rgba 8880), depth: 24, stencil: 8, acc: 0000, samples: 8/1
display  D   display_settings.c:400  _al_score_display_settings       [   0.03840] Single Buffer requirement not met.
display  D   display_settings.c:214  debug_display_settings           [   0.03841] color: 32 (rgba 8880), depth: 24, stencil: 0, acc: 0000, samples: 0/0
display  D   display_settings.c:400  _al_score_display_settings       [   0.03843] Single Buffer requirement not met.
display  D   display_settings.c:214  debug_display_settings           [   0.03845] color: 32 (rgba 8880), depth: 24, stencil: 0, acc: 0000, samples: 0/0
display  D   display_settings.c:400  _al_score_display_settings       [   0.03847] Single Buffer requirement not met.
display  D   display_settings.c:214  debug_display_settings           [   0.03848] color: 32 (rgba 8880), depth: 24, stencil: 0, acc: 0000, samples: 2/1
display  D   display_settings.c:400  _al_score_display_settings       [   0.03850] Single Buffer requirement not met.
display  D   display_settings.c:214  debug_display_settings           [   0.03852] color: 32 (rgba 8880), depth: 24, stencil: 0, acc: 0000, samples: 3/1
display  D   display_settings.c:400  _al_score_display_settings       [   0.03854] Single Buffer requirement not met.
display  D   display_settings.c:214  debug_display_settings           [   0.03856] color: 32 (rgba 8880), depth: 24, stencil: 0, acc: 0000, samples: 4/1
display  D   display_settings.c:400  _al_score_display_settings       [   0.03858] Single Buffer requirement not met.
display  D   display_settings.c:214  debug_display_settings           [   0.03859] color: 32 (rgba 8880), depth: 24, stencil: 0, acc: 0000, samples: 5/1
display  D   display_settings.c:400  _al_score_display_settings       [   0.03861] Single Buffer requirement not met.
display  D   display_settings.c:214  debug_display_settings           [   0.03863] color: 32 (rgba 8880), depth: 24, stencil: 0, acc: 0000, samples: 6/1
display  D   display_settings.c:400  _al_score_display_settings       [   0.03865] Single Buffer requirement not met.
display  D   display_settings.c:214  debug_display_settings           [   0.03867] color: 32 (rgba 8880), depth: 24, stencil: 0, acc: 0000, samples: 7/1
display  D   display_settings.c:400  _al_score_display_settings       [   0.03869] Single Buffer requirement not met.
display  D   display_settings.c:214  debug_display_settings           [   0.03870] color: 32 (rgba 8880), depth: 24, stencil: 0, acc: 0000, samples: 8/1
display  D   display_settings.c:400  _al_score_display_settings       [   0.03872] Single Buffer requirement not met.
display  D   display_settings.c:214  debug_display_settings           [   0.03874] color: 32 (rgba 8880), depth: 16, stencil: 0, acc: 0000, samples: 0/0
display  D   display_settings.c:400  _al_score_display_settings       [   0.03876] Single Buffer requirement not met.
display  D   display_settings.c:214  debug_display_settings           [   0.03882] color: 32 (rgba 8880), depth: 16, stencil: 0, acc: 0000, samples: 0/0
display  D   display_settings.c:400  _al_score_display_settings       [   0.03885] Single Buffer requirement not met.
display  D   display_settings.c:214  debug_display_settings           [   0.03886] color: 32 (rgba 8880), depth: 16, stencil: 0, acc: 0000, samples: 2/1
display  D   display_settings.c:400  _al_score_display_settings       [   0.03888] Single Buffer requirement not met.
display  D   display_settings.c:214  debug_display_settings           [   0.03890] color: 32 (rgba 8880), depth: 16, stencil: 0, acc: 0000, samples: 3/1
display  D   display_settings.c:400  _al_score_display_settings       [   0.03892] Single Buffer requirement not met.
display  D   display_settings.c:214  debug_display_settings           [   0.03894] color: 32 (rgba 8880), depth: 16, stencil: 0, acc: 0000, samples: 4/1
display  D   display_settings.c:400  _al_score_display_settings       [   0.03895] Single Buffer requirement not met.
display  D   display_settings.c:214  debug_display_settings           [   0.03897] color: 32 (rgba 8880), depth: 16, stencil: 0, acc: 0000, samples: 5/1
display  D   display_settings.c:400  _al_score_display_settings       [   0.03899] Single Buffer requirement not met.
display  D   display_settings.c:214  debug_display_settings           [   0.03901] color: 32 (rgba 8880), depth: 16, stencil: 0, acc: 0000, samples: 6/1
display  D   display_settings.c:400  _al_score_display_settings       [   0.03903] Single Buffer requirement not met.
display  D   display_settings.c:214  debug_display_settings           [   0.03905] color: 32 (rgba 8880), depth: 16, stencil: 0, acc: 0000, samples: 7/1
display  D   display_settings.c:400  _al_score_display_settings       [   0.03907] Single Buffer requirement not met.
display  D   display_settings.c:214  debug_display_settings           [   0.03908] color: 32 (rgba 8880), depth: 16, stencil: 0, acc: 0000, samples: 8/1
display  D   display_settings.c:400  _al_score_display_settings       [   0.03910] Single Buffer requirement not met.
display  D   display_settings.c:214  debug_display_settings           [   0.03912] color: 16 (rgba 5650), depth: 0, stencil: 0, acc: 0000, samples: 0/0
display  D   display_settings.c:400  _al_score_display_settings       [   0.03914] Single Buffer requirement not met.
display  D   display_settings.c:214  debug_display_settings           [   0.03915] color: 16 (rgba 5650), depth: 0, stencil: 0, acc: 0000, samples: 0/0
display  D   display_settings.c:400  _al_score_display_settings       [   0.03917] Single Buffer requirement not met.
display  D   display_settings.c:214  debug_display_settings           [   0.03919] color: 16 (rgba 5650), depth: 0, stencil: 0, acc: 0000, samples: 2/1
display  D   display_settings.c:400  _al_score_display_settings       [   0.03921] Single Buffer requirement not met.
display  D   display_settings.c:214  debug_display_settings           [   0.03922] color: 16 (rgba 5650), depth: 0, stencil: 0, acc: 0000, samples: 3/1
display  D   display_settings.c:400  _al_score_display_settings       [   0.03925] Single Buffer requirement not met.
display  D   display_settings.c:214  debug_display_settings           [   0.03926] color: 16 (rgba 5650), depth: 0, stencil: 0, acc: 0000, samples: 4/1
display  D   display_settings.c:400  _al_score_display_settings       [   0.03928] Single Buffer requirement not met.
display  D   display_settings.c:214  debug_display_settings           [   0.03930] color: 16 (rgba 5650), depth: 0, stencil: 0, acc: 0000, samples: 5/1
display  D   display_settings.c:400  _al_score_display_settings       [   0.03932] Single Buffer requirement not met.
display  D   display_settings.c:214  debug_display_settings           [   0.03934] color: 16 (rgba 5650), depth: 0, stencil: 0, acc: 0000, samples: 6/1
display  D   display_settings.c:400  _al_score_display_settings       [   0.03936] Single Buffer requirement not met.
display  D   display_settings.c:214  debug_display_settings           [   0.03940] color: 16 (rgba 5650), depth: 0, stencil: 0, acc: 0000, samples: 7/1
display  D   display_settings.c:400  _al_score_display_settings       [   0.03942] Single Buffer requirement not met.
display  D   display_settings.c:214  debug_display_settings           [   0.03944] color: 16 (rgba 5650), depth: 0, stencil: 0, acc: 0000, samples: 8/1
display  D   display_settings.c:400  _al_score_display_settings       [   0.03946] Single Buffer requirement not met.
display  D   display_settings.c:214  debug_display_settings           [   0.03947] color: 16 (rgba 5650), depth: 24, stencil: 8, acc: 0000, samples: 0/0
display  D   display_settings.c:400  _al_score_display_settings       [   0.03949] Single Buffer requirement not met.
display  D   display_settings.c:214  debug_display_settings           [   0.03951] color: 16 (rgba 5650), depth: 24, stencil: 8, acc: 0000, samples: 0/0
display  D   display_settings.c:400  _al_score_display_settings       [   0.03953] Single Buffer requirement not met.
display  D   display_settings.c:214  debug_display_settings           [   0.03955] color: 16 (rgba 5650), depth: 24, stencil: 8, acc: 0000, samples: 2/1
display  D   display_settings.c:400  _al_score_display_settings       [   0.03957] Single Buffer requirement not met.
display  D   display_settings.c:214  debug_display_settings           [   0.03958] color: 16 (rgba 5650), depth: 24, stencil: 8, acc: 0000, samples: 3/1
display  D   display_settings.c:400  _al_score_display_settings       [   0.03960] Single Buffer requirement not met.
display  D   display_settings.c:214  debug_display_settings           [   0.03962] color: 16 (rgba 5650), depth: 24, stencil: 8, acc: 0000, samples: 4/1
display  D   display_settings.c:400  _al_score_display_settings       [   0.03964] Single Buffer requirement not met.
display  D   display_settings.c:214  debug_display_settings           [   0.03966] color: 16 (rgba 5650), depth: 24, stencil: 8, acc: 0000, samples: 5/1
display  D   display_settings.c:400  _al_score_display_settings       [   0.03967] Single Buffer requirement not met.
display  D   display_settings.c:214  debug_display_settings           [   0.03969] color: 16 (rgba 5650), depth: 24, stencil: 8, acc: 0000, samples: 6/1
display  D   display_settings.c:400  _al_score_display_settings       [   0.03971] Single Buffer requirement not met.
display  D   display_settings.c:214  debug_display_settings           [   0.03973] color: 16 (rgba 5650), depth: 24, stencil: 8, acc: 0000, samples: 7/1
display  D   display_settings.c:400  _al_score_display_settings       [   0.03975] Single Buffer requirement not met.
display  D   display_settings.c:214  debug_display_settings           [   0.03976] color: 16 (rgba 5650), depth: 24, stencil: 8, acc: 0000, samples: 8/1
display  D   display_settings.c:400  _al_score_display_settings       [   0.03978] Single Buffer requirement not met.
display  D   display_settings.c:214  debug_display_settings           [   0.03980] color: 16 (rgba 5650), depth: 24, stencil: 0, acc: 0000, samples: 0/0
display  D   display_settings.c:400  _al_score_display_settings       [   0.03982] Single Buffer requirement not met.
display  D   display_settings.c:214  debug_display_settings           [   0.03983] color: 16 (rgba 5650), depth: 24, stencil: 0, acc: 0000, samples: 0/0
display  D   display_settings.c:400  _al_score_display_settings       [   0.03985] Single Buffer requirement not met.
display  D   display_settings.c:214  debug_display_settings           [   0.03987] color: 16 (rgba 5650), depth: 24, stencil: 0, acc: 0000, samples: 2/1
display  D   display_settings.c:400  _al_score_display_settings       [   0.03989] Single Buffer requirement not met.
display  D   display_settings.c:214  debug_display_settings           [   0.03991] color: 16 (rgba 5650), depth: 24, stencil: 0, acc: 0000, samples: 3/1
display  D   display_settings.c:400  _al_score_display_settings       [   0.03993] Single Buffer requirement not met.
display  D   display_settings.c:214  debug_display_settings           [   0.03994] color: 16 (rgba 5650), depth: 24, stencil: 0, acc: 0000, samples: 4/1
display  D   display_settings.c:400  _al_score_display_settings       [   0.03997] Single Buffer requirement not met.
display  D   display_settings.c:214  debug_display_settings           [   0.03998] color: 16 (rgba 5650), depth: 24, stencil: 0, acc: 0000, samples: 5/1
display  D   display_settings.c:400  _al_score_display_settings       [   0.04000] Single Buffer requirement not met.
display  D   display_settings.c:214  debug_display_settings           [   0.04002] color: 16 (rgba 5650), depth: 24, stencil: 0, acc: 0000, samples: 6/1
display  D   display_settings.c:400  _al_score_display_settings       [   0.04004] Single Buffer requirement not met.
display  D   display_settings.c:214  debug_display_settings           [   0.04006] color: 16 (rgba 5650), depth: 24, stencil: 0, acc: 0000, samples: 7/1
display  D   display_settings.c:400  _al_score_display_settings       [   0.04008] Single Buffer requirement not met.
display  D   display_settings.c:214  debug_display_settings           [   0.04009] color: 16 (rgba 5650), depth: 24, stencil: 0, acc: 0000, samples: 8/1
display  D   display_settings.c:400  _al_score_display_settings       [   0.04011] Single Buffer requirement not met.
display  D   display_settings.c:214  debug_display_settings           [   0.04013] color: 16 (rgba 5650), depth: 16, stencil: 0, acc: 0000, samples: 0/0
display  D   display_settings.c:400  _al_score_display_settings       [   0.04015] Single Buffer requirement not met.
display  D   display_settings.c:214  debug_display_settings           [   0.04017] color: 16 (rgba 5650), depth: 16, stencil: 0, acc: 0000, samples: 0/0
display  D   display_settings.c:400  _al_score_display_settings       [   0.04019] Single Buffer requirement not met.
display  D   display_settings.c:214  debug_display_settings           [   0.04020] color: 16 (rgba 5650), depth: 16, stencil: 0, acc: 0000, samples: 2/1
display  D   display_settings.c:400  _al_score_display_settings       [   0.04022] Single Buffer requirement not met.
display  D   display_settings.c:214  debug_display_settings           [   0.04024] color: 16 (rgba 5650), depth: 16, stencil: 0, acc: 0000, samples: 3/1
display  D   display_settings.c:400  _al_score_display_settings       [   0.04026] Single Buffer requirement not met.
display  D   display_settings.c:214  debug_display_settings           [   0.04027] color: 16 (rgba 5650), depth: 16, stencil: 0, acc: 0000, samples: 4/1
display  D   display_settings.c:400  _al_score_display_settings       [   0.04029] Single Buffer requirement not met.
display  D   display_settings.c:214  debug_display_settings           [   0.04031] color: 16 (rgba 5650), depth: 16, stencil: 0, acc: 0000, samples: 5/1
display  D   display_settings.c:400  _al_score_display_settings       [   0.04033] Single Buffer requirement not met.
display  D   display_settings.c:214  debug_display_settings           [   0.04035] color: 16 (rgba 5650), depth: 16, stencil: 0, acc: 0000, samples: 6/1
display  D   display_settings.c:400  _al_score_display_settings       [   0.04037] Single Buffer requirement not met.
display  D   display_settings.c:214  debug_display_settings           [   0.04038] color: 16 (rgba 5650), depth: 16, stencil: 0, acc: 0000, samples: 7/1
display  D   display_settings.c:400  _al_score_display_settings       [   0.04040] Single Buffer requirement not met.
display  D   display_settings.c:214  debug_display_settings           [   0.04042] color: 16 (rgba 5650), depth: 16, stencil: 0, acc: 0000, samples: 8/1
display  D   display_settings.c:400  _al_score_display_settings       [   0.04044] Single Buffer requirement not met.
d3d      D         d3d_disp.cpp:1677 d3d_create_display_internals     [   0.04051] Trying format 0.
d3d      I         d3d_disp.cpp:1353 d3d_display_thread_proc          [   0.04081] Chose a display format: 23
d3d      I         d3d_disp.cpp:1422 d3d_display_thread_proc          [   0.04088] Normal window.
d3d      I         d3d_disp.cpp:786  d3d_create_device                [   0.07605] Using no depth stencil buffer
d3d      D         d3d_disp.cpp:848  d3d_create_device                [   0.10026] BeginScene succeeded in create_device
d3d      D         d3d_disp.cpp:856  d3d_create_device                [   0.10033] Success
d3d      D         d3d_disp.cpp:1703 d3d_create_display_internals     [   0.10038] Resumed after wait.
d3d      I         d3d_disp.cpp:1736 d3d_create_display_internals     [   0.10048] Format 0 succeeded.
d3d      D         d3d_disp.cpp:1767 d3d_create_display_internals     [   0.10052] Returning d3d_display: 0000016929520890
d3d      D         d3d_disp.cpp:1792 d3d_create_display_locked        [   0.10054] al_display=0000016929520890
d3d      D         d3d_disp.cpp:1793 d3d_create_display_locked        [   0.10056] al_display->vt=0000016929488AA0
stdio    D         file_stdio.c:107  file_stdio_fopen                 [   0.10185] opening arial.ttf rb
font     D                ttf.c:971  al_load_ttf_font_stretch_f       [   0.10253] Font arial.ttf loaded with pixel size 0 x 24.
font     D                ttf.c:973  al_load_ttf_font_stretch_f       [   0.10272]     ascent=22.0, descent=-6.0, height=28.0
dtor     D               dtor.c:196  _al_register_destructor          [   0.10284] added dtor for ttf_font 000001692B1CDB20, func 00007FF94570129E
dtor     D               dtor.c:196  _al_register_destructor          [   0.10323] added dtor for queue 000001692B1A94A0, func 00007FF9107F1C4E
dtor     D               dtor.c:227  _al_unregister_destructor        [  62.40363] removed dtor for queue 000001692B1A94A0
dtor     D               dtor.c:227  _al_unregister_destructor        [  62.40378] removed dtor for ttf_font 000001692B1CDB20
d3d      I         d3d_disp.cpp:910  d3d_destroy_display              [  62.40389] destroying display 0000016929520890 (current 0000000000000000)
d3d      D         d3d_disp.cpp:894  d3d_destroy_display_internals    [  62.40652] waiting for display 0000016929520890's thread to end
d3d      W         d3d_disp.cpp:603  d3d_destroy_device               [  62.42047] d3d_destroy_device: ref count not 0
d3d      W         d3d_disp.cpp:603  d3d_destroy_device               [  62.42055] d3d_destroy_device: ref count not 0
d3d      I         d3d_disp.cpp:1557 d3d_display_thread_proc          [  62.42846] d3d display thread exits
